[debug] [2018-12-02T20:34:30.160Z] ----------------------------------------------------------------------
[debug] [2018-12-02T20:34:30.176Z] Command:       C:\Program Files\nodejs\node.exe C:\Users\Borkesz Máté\AppData\Roaming\npm\node_modules\firebase-tools\lib\bin\firebase.js init
[debug] [2018-12-02T20:34:30.176Z] CLI Version:   6.1.1
[debug] [2018-12-02T20:34:30.176Z] Platform:      win32
[debug] [2018-12-02T20:34:30.176Z] Node Version:  v8.9.4
[debug] [2018-12-02T20:34:30.176Z] Time:          Sun Dec 02 2018 21:34:30 GMT+0100 (Közép-európai téli idő )
[debug] [2018-12-02T20:34:30.176Z] ----------------------------------------------------------------------
[debug] 
[debug] [2018-12-02T20:34:30.176Z] > command requires scopes: ["email","openid","https://www.googleapis.com/auth/cloudplatformprojects.readonly","https://www.googleapis.com/auth/firebase","https://www.googleapis.com/auth/cloud-platform"]
[debug] [2018-12-02T20:34:30.176Z] > authorizing via signed-in user
[info] 
     ######## #### ########  ######## ########     ###     ######  ########
     ##        ##  ##     ## ##       ##     ##  ##   ##  ##       ##
     ######    ##  ########  ######   ########  #########  ######  ######
     ##        ##  ##    ##  ##       ##     ## ##     ##       ## ##
     ##       #### ##     ## ######## ########  ##     ##  ######  ########

You're about to initialize a Firebase project in this directory:

  C:\xampp\htdocs\Fullstack_todo_app\frontend

Before we get started, keep in mind:

  * You are currently outside your home directory
  * You are initializing in an existing Firebase project directory

[info] 
=== Project Setup
[info] 
[info] First, let's associate this project directory with a Firebase project.
[info] You can create multiple project aliases by running firebase use --add, 
[info] but for now we'll just set up a default project.
[info] 
[debug] [2018-12-02T20:34:33.338Z] >>> HTTP REQUEST GET https://firebase.googleapis.com/v1beta1/projects?page_size=100  
 
[debug] [2018-12-02T20:34:33.760Z] <<< HTTP RESPONSE 200
